<?xml version="1.0" encoding="utf-8"?><testsuites name="pytest tests"><testsuite name="pytest" errors="0" failures="5" skipped="0" tests="18" time="3.307" timestamp="2026-02-24T06:10:27.701445+00:00" hostname="agent-env-5d1863cc-2195-459b-86ee-c5b74cc1ba38"><testcase classname="backend.tests.test_renergizr.TestAuth" name="test_client_login" time="0.425" /><testcase classname="backend.tests.test_renergizr.TestAuth" name="test_vendor_login" time="0.322" /><testcase classname="backend.tests.test_renergizr.TestAuth" name="test_admin_login" time="0.368" /><testcase classname="backend.tests.test_renergizr.TestAuth" name="test_invalid_login" time="0.112" /><testcase classname="backend.tests.test_renergizr.TestAuth" name="test_me_endpoint" time="0.401" /><testcase classname="backend.tests.test_renergizr.TestMarketInsights" name="test_market_insights_public" time="0.118"><failure message="assert 401 == 200&#10; +  where 401 = &lt;Response [401]&gt;.status_code">backend/tests/test_renergizr.py:82: in test_market_insights_public
    assert r.status_code == 200
E   assert 401 == 200
E    +  where 401 = &lt;Response [401]&gt;.status_code</failure></testcase><testcase classname="backend.tests.test_renergizr.TestMarketInsights" name="test_market_insights_structure" time="0.093"><failure message="AssertionError: assert 'trend_data' in {'detail': 'Not authenticated'}">backend/tests/test_renergizr.py:90: in test_market_insights_structure
    assert "trend_data" in data
E   AssertionError: assert 'trend_data' in {'detail': 'Not authenticated'}</failure></testcase><testcase classname="backend.tests.test_renergizr.TestRFQs" name="test_create_rfq" time="0.045"><failure message="assert 422 == 200&#10; +  where 422 = &lt;Response [422]&gt;.status_code">backend/tests/test_renergizr.py:107: in test_create_rfq
    assert r.status_code == 200
E   assert 422 == 200
E    +  where 422 = &lt;Response [422]&gt;.status_code</failure></testcase><testcase classname="backend.tests.test_renergizr.TestRFQs" name="test_get_rfqs_as_client" time="0.048" /><testcase classname="backend.tests.test_renergizr.TestRFQs" name="test_get_rfqs_as_vendor" time="0.403" /><testcase classname="backend.tests.test_renergizr.TestVendor" name="test_vendor_profile_get" time="0.055" /><testcase classname="backend.tests.test_renergizr.TestVendor" name="test_vendor_bids" time="0.066" /><testcase classname="backend.tests.test_renergizr.TestVendor" name="test_vendor_profile_update" time="0.073"><failure message="assert 422 == 200&#10; +  where 422 = &lt;Response [422]&gt;.status_code">backend/tests/test_renergizr.py:138: in test_vendor_profile_update
    assert r.status_code == 200
E   assert 422 == 200
E    +  where 422 = &lt;Response [422]&gt;.status_code</failure></testcase><testcase classname="backend.tests.test_renergizr.TestAdmin" name="test_admin_get_users" time="0.373" /><testcase classname="backend.tests.test_renergizr.TestAdmin" name="test_admin_get_vendors" time="0.061" /><testcase classname="backend.tests.test_renergizr.TestAdmin" name="test_admin_analytics" time="0.051" /><testcase classname="backend.tests.test_renergizr.TestAdmin" name="test_admin_rfqs" time="0.057" /><testcase classname="backend.tests.test_renergizr.TestNotifications" name="test_notifications_endpoint" time="0.048"><failure message="AssertionError: assert False&#10; +  where False = isinstance({'notifications': [], 'unread_count': 0}, list)&#10; +    where {'notifications': [], 'unread_count': 0} = json()&#10; +      where json = &lt;Response [200]&gt;.json">backend/tests/test_renergizr.py:170: in test_notifications_endpoint
    assert isinstance(r.json(), list)
E   AssertionError: assert False
E    +  where False = isinstance({'notifications': [], 'unread_count': 0}, list)
E    +    where {'notifications': [], 'unread_count': 0} = json()
E    +      where json = &lt;Response [200]&gt;.json</failure></testcase></testsuite></testsuites>